<?xml version="1.0" encoding="UTF-8"?>
<testsuite xmlns:xsi="http://www.w3.org/2001/XMLSchema-instance" xsi:noNamespaceSchemaLocation="https://maven.apache.org/surefire/maven-surefire-plugin/xsd/surefire-test-report-3.0.xsd" version="3.0" name="br.inatel.cdg.service.ContactTest" time="0.004" tests="5" errors="0" skipped="0" failures="0">
  <properties>
    <property name="java.specification.version" value="23"/>
    <property name="sun.cpu.isalist" value="amd64"/>
    <property name="sun.jnu.encoding" value="Cp1252"/>
    <property name="java.class.path" value="C:\Users\mvfar\IdeaProjects\C14\Atividade_pipeline\Contact-Book\ExAvaliativo\target\test-classes;C:\Users\mvfar\IdeaProjects\C14\Atividade_pipeline\Contact-Book\ExAvaliativo\target\classes;C:\Users\mvfar\.m2\repository\junit\junit\4.13.2\junit-4.13.2.jar;C:\Users\mvfar\.m2\repository\org\hamcrest\hamcrest-core\1.3\hamcrest-core-1.3.jar;"/>
    <property name="java.vm.vendor" value="Oracle Corporation"/>
    <property name="sun.arch.data.model" value="64"/>
    <property name="user.variant" value=""/>
    <property name="java.vendor.url" value="https://java.oracle.com/"/>
    <property name="user.timezone" value="America/Sao_Paulo"/>
    <property name="os.name" value="Windows 11"/>
    <property name="java.vm.specification.version" value="23"/>
    <property name="sun.java.launcher" value="SUN_STANDARD"/>
    <property name="user.country" value="BR"/>
    <property name="sun.boot.library.path" value="C:\Users\mvfar\.jdks\openjdk-23.0.2\bin"/>
    <property name="sun.java.command" value="C:\Users\mvfar\AppData\Local\Temp\surefire17371456914063414523\surefirebooter712578636270038778.jar C:\Users\mvfar\AppData\Local\Temp\surefire17371456914063414523 2025-09-29T22-14-36_405-jvmRun1 surefire2348394276139474737tmp surefire_0922884294431916429tmp"/>
    <property name="jdk.debug" value="release"/>
    <property name="surefire.test.class.path" value="C:\Users\mvfar\IdeaProjects\C14\Atividade_pipeline\Contact-Book\ExAvaliativo\target\test-classes;C:\Users\mvfar\IdeaProjects\C14\Atividade_pipeline\Contact-Book\ExAvaliativo\target\classes;C:\Users\mvfar\.m2\repository\junit\junit\4.13.2\junit-4.13.2.jar;C:\Users\mvfar\.m2\repository\org\hamcrest\hamcrest-core\1.3\hamcrest-core-1.3.jar;"/>
    <property name="sun.cpu.endian" value="little"/>
    <property name="user.home" value="C:\Users\mvfar"/>
    <property name="user.language" value="pt"/>
    <property name="java.specification.vendor" value="Oracle Corporation"/>
    <property name="java.version.date" value="2025-01-21"/>
    <property name="java.home" value="C:\Users\mvfar\.jdks\openjdk-23.0.2"/>
    <property name="file.separator" value="\"/>
    <property name="basedir" value="C:\Users\mvfar\IdeaProjects\C14\Atividade_pipeline\Contact-Book\ExAvaliativo"/>
    <property name="java.vm.compressedOopsMode" value="32-bit"/>
    <property name="line.separator" value="&#10;"/>
    <property name="java.vm.specification.vendor" value="Oracle Corporation"/>
    <property name="java.specification.name" value="Java Platform API Specification"/>
    <property name="surefire.real.class.path" value="C:\Users\mvfar\AppData\Local\Temp\surefire17371456914063414523\surefirebooter712578636270038778.jar"/>
    <property name="user.script" value=""/>
    <property name="sun.management.compiler" value="HotSpot 64-Bit Tiered Compilers"/>
    <property name="java.runtime.version" value="23.0.2+7-58"/>
    <property name="user.name" value="mvfar"/>
    <property name="stdout.encoding" value="Cp1252"/>
    <property name="path.separator" value=";"/>
    <property name="os.version" value="10.0"/>
    <property name="java.runtime.name" value="OpenJDK Runtime Environment"/>
    <property name="file.encoding" value="UTF-8"/>
    <property name="java.vm.name" value="OpenJDK 64-Bit Server VM"/>
    <property name="localRepository" value="C:\Users\mvfar\.m2\repository"/>
    <property name="java.vendor.url.bug" value="https://bugreport.java.com/bugreport/"/>
    <property name="java.io.tmpdir" value="C:\Users\mvfar\AppData\Local\Temp\"/>
    <property name="idea.version" value="2024.3.2.2"/>
    <property name="java.version" value="23.0.2"/>
    <property name="user.dir" value="C:\Users\mvfar\IdeaProjects\C14\Atividade_pipeline\Contact-Book\ExAvaliativo"/>
    <property name="os.arch" value="amd64"/>
    <property name="java.vm.specification.name" value="Java Virtual Machine Specification"/>
    <property name="sun.os.patch.level" value=""/>
    <property name="native.encoding" value="Cp1252"/>
    <property name="java.library.path" value="C:\Users\mvfar\.jdks\openjdk-23.0.2\bin;C:\WINDOWS\Sun\Java\bin;C:\WINDOWS\system32;C:\WINDOWS;C:\Program Files\Common Files\Oracle\Java\javapath;C:\Program Files (x86)\Falcon\MinGW\bin;C:\WINDOWS\system32;C:\WINDOWS;C:\WINDOWS\System32\Wbem;C:\WINDOWS\System32\WindowsPowerShell\v1.0\;C:\WINDOWS\System32\OpenSSH\;C:\Program Files\nodejs\;C:\Program Files\Git\cmd;C:\Program Files\MySQL\MySQL Shell 8.0\bin\;C:\Users\mvfar\AppData\Local\Programs\Python\Launcher\;C:\Users\mvfar\AppData\Local\Microsoft\WindowsApps;C:\Users\mvfar\AppData\Local\GitHubDesktop\bin;C:\Users\mvfar\AppData\Local\Programs\Microsoft VS Code\bin;C:\Program Files\JetBrains\PyCharm Community Edition 2024.1.3\bin;;C:\Users\mvfar\AppData\Roaming\npm;;."/>
    <property name="java.vm.info" value="mixed mode, sharing"/>
    <property name="stderr.encoding" value="Cp1252"/>
    <property name="java.vendor" value="Oracle Corporation"/>
    <property name="java.vm.version" value="23.0.2+7-58"/>
    <property name="sun.io.unicode.encoding" value="UnicodeLittle"/>
    <property name="java.class.version" value="67.0"/>
  </properties>
  <testcase name="testToString" classname="br.inatel.cdg.service.ContactTest" time="0"/>
  <testcase name="testEmptyStrings" classname="br.inatel.cdg.service.ContactTest" time="0"/>
  <testcase name="testGetters" classname="br.inatel.cdg.service.ContactTest" time="0.002"/>
  <testcase name="testSameContent" classname="br.inatel.cdg.service.ContactTest" time="0"/>
  <testcase name="testNullValues" classname="br.inatel.cdg.service.ContactTest" time="0"/>
</testsuite>